[2022-09-21 21:54:52] ------------------------------------
[2022-09-21 21:54:52] Protocol Name = 'Build Homology Models'
[2022-09-21 21:54:52] User Name = '16606'
[2022-09-21 21:54:52] Run ID = 'F09BB72A-4C1B-4AE0-A98F-EE80B28AC815'
[2022-09-21 21:54:53] Client message: 'step 1/2: P2RY6'
[2022-09-21 21:55:29] Client message: 'step 2/2: P2RY6'
[2022-09-21 21:55:29] Client message: 'Assess Model preprocessing'
[2022-09-21 21:55:29] Client message: 'Running modeler...'
[2022-09-21 21:55:29] Started running 'modeler'
[2022-09-21 21:55:31] Finished running 'modeler'
[2022-09-21 21:55:31] Client message: 'Annotate MacroMolecule...'
[2022-09-21 21:55:33] Client message: 'Assess Model preprocessing'
[2022-09-21 21:55:33] Client message: 'Running modeler...'
[2022-09-21 21:55:33] Started running 'modeler'
[2022-09-21 21:55:34] Finished running 'modeler'
[2022-09-21 21:55:34] Client message: 'Annotate MacroMolecule...'
[2022-09-21 21:55:35] Client message: 'Assess Model preprocessing'
[2022-09-21 21:55:35] Client message: 'Running modeler...'
[2022-09-21 21:55:35] Started running 'modeler'
[2022-09-21 21:55:36] Finished running 'modeler'
[2022-09-21 21:55:36] Client message: 'Annotate MacroMolecule...'
[2022-09-21 21:54:58] Client message: 'Build Models Preprocessing.'
[2022-09-21 21:54:58] Client message: 'Running modeler...'
[2022-09-21 21:54:58] Started running 'modeler'
[2022-09-21 21:55:24] Finished running 'modeler'
[2022-09-21 21:55:27] Client message: 'Annotate MacroMolecule...'
[2022-09-21 21:54:58] Client message: 'Build Models Preprocessing.'
[2022-09-21 21:54:58] Client message: 'Running modeler...'
[2022-09-21 21:54:58] Started running 'modeler'
[2022-09-21 21:55:24] Finished running 'modeler'
[2022-09-21 21:55:26] Client message: 'Annotate MacroMolecule...'
[2022-09-21 21:54:58] Client message: 'Build Models Preprocessing.'
[2022-09-21 21:54:58] Client message: 'Running modeler...'
[2022-09-21 21:54:58] Started running 'modeler'
[2022-09-21 21:55:25] Finished running 'modeler'
[2022-09-21 21:55:27] Client message: 'Annotate MacroMolecule...'
[2022-09-21 21:55:39] Client message: 'Running UpdateGapsPIR...'
[2022-09-21 21:55:39] Started running 'UpdateGapsPIR'
[2022-09-21 21:55:40] Finished running 'UpdateGapsPIR'
[2022-09-21 21:55:43] Client message: 'Superimposing proteins'
[2022-09-21 21:55:47] Client message: 'Superimposing proteins'
[2022-09-21 21:55:52] Final message: '3 models : P2RY6'
