[2022-09-21 22:04:59] ------------------------------------
[2022-09-21 22:04:59] Protocol Name = 'Verify Protein (Profiles-3D)'
[2022-09-21 22:04:59] User Name = '16606'
[2022-09-21 22:04:59] Run ID = '913A9560-9D6D-4EF9-B2DE-2334F9DBA639'
[2022-09-21 22:04:59] Client message: 'step 1/1, protein 1/4: P2RY6.M0003'
[2022-09-21 22:05:00] Started running 'profiles3d'
[2022-09-21 22:05:00] Finished running 'profiles3d'
[2022-09-21 22:05:00] Client message: 'Annotate MacroMolecule...'
[2022-09-21 22:05:01] Client message: 'step 1/1, protein 2/4: P2RY6.M0001'
[2022-09-21 22:05:01] Started running 'profiles3d'
[2022-09-21 22:05:02] Finished running 'profiles3d'
[2022-09-21 22:05:02] Client message: 'Annotate MacroMolecule...'
[2022-09-21 22:05:02] Client message: 'step 1/1, protein 3/4: P2RY6.M0002'
[2022-09-21 22:05:03] Started running 'profiles3d'
[2022-09-21 22:05:03] Finished running 'profiles3d'
[2022-09-21 22:05:03] Client message: 'Annotate MacroMolecule...'
[2022-09-21 22:05:03] Client message: 'step 1/1, protein 4/4: 4XNV'
[2022-09-21 22:05:04] Started running 'profiles3d'
[2022-09-21 22:05:05] Finished running 'profiles3d'
[2022-09-21 22:05:05] Client message: 'Annotate MacroMolecule...'
[2022-09-21 22:05:06] Final message: '4 proteins: P2RY6.M0003,P2RY6.M0001,P2RY6.M0002,4XNV'
