[2022-09-27 10:22:36] ------------------------------------
[2022-09-27 10:22:36] Protocol Name = 'Receptor-Ligand Pharmacophore Generation'
[2022-09-27 10:22:36] User Name = '16606'
[2022-09-27 10:22:36] Run ID = 'F2DA3277-E6DC-42BB-95D3-D74539ED44C4'
[2022-09-27 10:22:36] Client message: 'Read ligands'
[2022-09-27 10:22:36] Client message: 'Map HB_ACCEPTOR'
[2022-09-27 10:22:37] Client message: 'Preparing citest.'
[2022-09-27 10:22:37] Client message: 'Running citest.'
[2022-09-27 10:22:37] Started running 'citest'
[2022-09-27 10:22:37] Finished running 'citest'
[2022-09-27 10:22:37] Client message: 'citest done.'
[2022-09-27 10:22:37] Client message: 'Map HB_DONOR'
[2022-09-27 10:22:37] Client message: 'Preparing citest.'
[2022-09-27 10:22:37] Client message: 'Running citest.'
[2022-09-27 10:22:37] Started running 'citest'
[2022-09-27 10:22:38] Finished running 'citest'
[2022-09-27 10:22:38] Client message: 'citest done.'
[2022-09-27 10:22:38] Client message: 'Map HYDROPHOBIC'
[2022-09-27 10:22:38] Client message: 'Preparing citest.'
[2022-09-27 10:22:38] Client message: 'Running citest.'
[2022-09-27 10:22:38] Started running 'citest'
[2022-09-27 10:22:38] Finished running 'citest'
[2022-09-27 10:22:38] Client message: 'citest done.'
[2022-09-27 10:22:38] Client message: 'Map NEG_IONIZABLE'
[2022-09-27 10:22:38] Client message: 'Preparing citest.'
[2022-09-27 10:22:38] Client message: 'Running citest.'
[2022-09-27 10:22:38] Started running 'citest'
[2022-09-27 10:22:39] Finished running 'citest'
[2022-09-27 10:22:39] Client message: 'citest done.'
[2022-09-27 10:22:39] Client message: 'Map POS_IONIZABLE'
[2022-09-27 10:22:39] Client message: 'Preparing citest.'
[2022-09-27 10:22:39] Client message: 'Running citest.'
[2022-09-27 10:22:39] Started running 'citest'
[2022-09-27 10:22:39] Finished running 'citest'
[2022-09-27 10:22:39] Client message: 'citest done.'
[2022-09-27 10:22:39] Client message: 'Map RING_AROMATIC'
[2022-09-27 10:22:39] Client message: 'Preparing citest.'
[2022-09-27 10:22:39] Client message: 'Running citest.'
[2022-09-27 10:22:39] Started running 'citest'
[2022-09-27 10:22:40] Finished running 'citest'
[2022-09-27 10:22:40] Client message: 'citest done.'
[2022-09-27 10:22:40] HB_ACCEPTOR: 15
[2022-09-27 10:22:40] HB_DONOR: 4
[2022-09-27 10:22:40] HYDROPHOBIC: 2
[2022-09-27 10:22:40] POS_IONIZABLE: 1
[2022-09-27 10:22:40] RING_AROMATIC: 8
[2022-09-27 10:22:40] Final message: '30 features:  Ligand'
[2022-09-27 10:22:40] Client message: 'Preparing hypoedit.'
[2022-09-27 10:22:40] Client message: 'Running hypoedit.'
[2022-09-27 10:22:40] Started running 'hypoedit'
[2022-09-27 10:22:41] Finished running 'hypoedit'
[2022-09-27 10:22:41] Client message: 'hypoedit done.'
[2022-09-27 10:22:41] Client message: 'Checking features in protein complex'
[2022-09-27 10:22:41] Final message: 'Feature checking done'
[2022-09-27 10:22:52] Client message: 'Preparing hypoedit.'
[2022-09-27 10:22:52] Client message: 'Running hypoedit.'
[2022-09-27 10:22:52] Started running 'hypoedit'
[2022-09-27 10:22:52] Finished running 'hypoedit'
[2022-09-27 10:22:52] Client message: 'hypoedit done.'
[2022-09-27 10:22:55] Client message: 'Preparing citest.'
[2022-09-27 10:22:55] Client message: 'Running citest.'
[2022-09-27 10:22:55] Started running 'citest'
[2022-09-27 10:22:55] Finished running 'citest'
[2022-09-27 10:22:56] Client message: 'Preparing citest.'
[2022-09-27 10:22:56] Client message: 'Running citest.'
[2022-09-27 10:22:56] Started running 'citest'
[2022-09-27 10:22:56] Finished running 'citest'
[2022-09-27 10:22:56] Client message: 'Preparing citest.'
[2022-09-27 10:22:56] Client message: 'Running citest.'
[2022-09-27 10:22:56] Started running 'citest'
[2022-09-27 10:22:57] Finished running 'citest'
[2022-09-27 10:22:57] Client message: 'Preparing citest.'
[2022-09-27 10:22:57] Client message: 'Running citest.'
[2022-09-27 10:22:57] Started running 'citest'
[2022-09-27 10:22:58] Finished running 'citest'
[2022-09-27 10:22:58] Client message: 'Preparing citest.'
[2022-09-27 10:22:58] Client message: 'Running citest.'
[2022-09-27 10:22:58] Started running 'citest'
[2022-09-27 10:22:58] Finished running 'citest'
[2022-09-27 10:22:59] Client message: 'Preparing citest.'
[2022-09-27 10:22:59] Client message: 'Running citest.'
[2022-09-27 10:22:59] Started running 'citest'
[2022-09-27 10:22:59] Finished running 'citest'
[2022-09-27 10:22:59] Client message: 'Preparing citest.'
[2022-09-27 10:22:59] Client message: 'Running citest.'
[2022-09-27 10:22:59] Started running 'citest'
[2022-09-27 10:23:00] Finished running 'citest'
[2022-09-27 10:23:00] Client message: 'Preparing citest.'
[2022-09-27 10:23:00] Client message: 'Running citest.'
[2022-09-27 10:23:00] Started running 'citest'
[2022-09-27 10:23:01] Finished running 'citest'
[2022-09-27 10:23:01] Client message: 'Preparing citest.'
[2022-09-27 10:23:01] Client message: 'Running citest.'
[2022-09-27 10:23:01] Started running 'citest'
[2022-09-27 10:23:01] Finished running 'citest'
[2022-09-27 10:23:02] Client message: 'Preparing citest.'
[2022-09-27 10:23:02] Client message: 'Running citest.'
[2022-09-27 10:23:02] Started running 'citest'
[2022-09-27 10:23:02] Finished running 'citest'
[2022-09-27 10:23:02] Client message: 'Preparing citest.'
[2022-09-27 10:23:02] Client message: 'Running citest.'
[2022-09-27 10:23:02] Started running 'citest'
[2022-09-27 10:23:03] Finished running 'citest'
[2022-09-27 10:23:03] Client message: 'Preparing citest.'
[2022-09-27 10:23:03] Client message: 'Running citest.'
[2022-09-27 10:23:03] Started running 'citest'
[2022-09-27 10:23:04] Finished running 'citest'
[2022-09-27 10:23:04] Client message: 'Preparing citest.'
[2022-09-27 10:23:04] Client message: 'Running citest.'
[2022-09-27 10:23:04] Started running 'citest'
[2022-09-27 10:23:04] Finished running 'citest'
[2022-09-27 10:23:05] Client message: 'Preparing citest.'
[2022-09-27 10:23:05] Client message: 'Running citest.'
[2022-09-27 10:23:05] Started running 'citest'
[2022-09-27 10:23:05] Finished running 'citest'
[2022-09-27 10:23:06] Client message: 'Preparing citest.'
[2022-09-27 10:23:06] Client message: 'Running citest.'
[2022-09-27 10:23:06] Started running 'citest'
[2022-09-27 10:23:06] Finished running 'citest'
[2022-09-27 10:23:06] Client message: 'Preparing citest.'
[2022-09-27 10:23:06] Client message: 'Running citest.'
[2022-09-27 10:23:06] Started running 'citest'
[2022-09-27 10:23:07] Finished running 'citest'
[2022-09-27 10:23:07] Client message: 'Preparing citest.'
[2022-09-27 10:23:07] Client message: 'Running citest.'
[2022-09-27 10:23:07] Started running 'citest'
[2022-09-27 10:23:08] Finished running 'citest'
[2022-09-27 10:23:08] Client message: 'Preparing citest.'
[2022-09-27 10:23:08] Client message: 'Running citest.'
[2022-09-27 10:23:08] Started running 'citest'
[2022-09-27 10:23:08] Finished running 'citest'
[2022-09-27 10:23:09] Client message: 'Preparing citest.'
[2022-09-27 10:23:09] Client message: 'Running citest.'
[2022-09-27 10:23:09] Started running 'citest'
[2022-09-27 10:23:09] Finished running 'citest'
[2022-09-27 10:23:09] Client message: 'Preparing citest.'
[2022-09-27 10:23:09] Client message: 'Running citest.'
[2022-09-27 10:23:09] Started running 'citest'
[2022-09-27 10:23:10] Finished running 'citest'
[2022-09-27 10:23:10] Client message: 'Preparing citest.'
[2022-09-27 10:23:10] Client message: 'Running citest.'
[2022-09-27 10:23:10] Started running 'citest'
[2022-09-27 10:23:11] Finished running 'citest'
[2022-09-27 10:23:11] Client message: 'Preparing citest.'
[2022-09-27 10:23:11] Client message: 'Running citest.'
[2022-09-27 10:23:11] Started running 'citest'
[2022-09-27 10:23:11] Finished running 'citest'
[2022-09-27 10:23:12] Client message: 'Preparing citest.'
[2022-09-27 10:23:12] Client message: 'Running citest.'
[2022-09-27 10:23:12] Started running 'citest'
[2022-09-27 10:23:12] Finished running 'citest'
[2022-09-27 10:23:12] Client message: 'Preparing citest.'
[2022-09-27 10:23:13] Client message: 'Running citest.'
[2022-09-27 10:23:13] Started running 'citest'
[2022-09-27 10:23:13] Finished running 'citest'
[2022-09-27 10:23:13] Client message: 'Preparing citest.'
[2022-09-27 10:23:13] Client message: 'Running citest.'
[2022-09-27 10:23:13] Started running 'citest'
[2022-09-27 10:23:14] Finished running 'citest'
[2022-09-27 10:23:14] Client message: 'Preparing citest.'
[2022-09-27 10:23:14] Client message: 'Running citest.'
[2022-09-27 10:23:14] Started running 'citest'
[2022-09-27 10:23:15] Finished running 'citest'
[2022-09-27 10:23:15] Client message: 'Preparing citest.'
[2022-09-27 10:23:15] Client message: 'Running citest.'
[2022-09-27 10:23:15] Started running 'citest'
[2022-09-27 10:23:15] Finished running 'citest'
[2022-09-27 10:23:16] Client message: 'Preparing citest.'
[2022-09-27 10:23:16] Client message: 'Running citest.'
[2022-09-27 10:23:16] Started running 'citest'
[2022-09-27 10:23:16] Finished running 'citest'
[2022-09-27 10:23:17] Client message: 'Preparing citest.'
[2022-09-27 10:23:17] Client message: 'Running citest.'
[2022-09-27 10:23:17] Started running 'citest'
[2022-09-27 10:23:17] Finished running 'citest'
[2022-09-27 10:23:17] Client message: 'Preparing citest.'
[2022-09-27 10:23:17] Client message: 'Running citest.'
[2022-09-27 10:23:17] Started running 'citest'
[2022-09-27 10:23:18] Finished running 'citest'
[2022-09-27 10:23:18] Client message: '10 pharmacophores generated.'
[2022-09-27 10:23:18] Final message: '10 pharmacophores generated.'
