[2022-09-24 17:54:11] ------------------------------------
[2022-09-24 17:54:11] Protocol Name = 'Score Ligand Poses'
[2022-09-24 17:54:11] User Name = '16606'
[2022-09-24 17:54:11] Run ID = '32223B72-9044-4273-8EA9-C7CB25AEF548'
[2022-09-24 17:54:11] Client message: 'Scoring: 3GEN'
[2022-09-24 17:54:11] Started running 'Scoring'
[2022-09-24 17:54:11] Finished running 'Scoring'
[2022-09-24 17:54:12] Client message: 'Scoring: 3GEN'
[2022-09-24 17:54:12] Started running 'Scoring'
[2022-09-24 17:54:12] Finished running 'Scoring'
[2022-09-24 17:54:13] Client message: 'Scoring: 3GEN'
[2022-09-24 17:54:13] Started running 'Scoring'
[2022-09-24 17:54:13] Finished running 'Scoring'
[2022-09-24 17:54:14] Client message: 'Scoring: 3GEN'
[2022-09-24 17:54:14] Started running 'Scoring'
[2022-09-24 17:54:14] Finished running 'Scoring'
[2022-09-24 17:54:15] Client message: 'Scoring: 3GEN'
[2022-09-24 17:54:15] Started running 'Scoring'
[2022-09-24 17:54:15] Finished running 'Scoring'
[2022-09-24 17:54:16] Client message: 'Scoring: 3GEN'
[2022-09-24 17:54:16] Started running 'Scoring'
[2022-09-24 17:54:16] Finished running 'Scoring'
[2022-09-24 17:54:17] Client message: 'Poses scored: 6'
[2022-09-24 17:54:17] Final message: '6 poses: 3GEN, 3GEN'
