[2022-09-24 10:42:07] ------------------------------------
[2022-09-24 10:42:07] Protocol Name = 'Dock Ligands (LibDock)'
[2022-09-24 10:42:07] User Name = '16606'
[2022-09-24 10:42:07] Run ID = 'A0783FD6-43CB-4FB7-B8F4-56D630FC71AF'
[2022-09-24 10:42:07] Client message: 'Preparing confgen.'
[2022-09-24 10:42:07] Client message: 'Running confgen.'
[2022-09-24 10:42:07] Started running 'confgen'
[2022-09-24 10:42:08] Finished running 'confgen'
[2022-09-24 10:42:09] Client message: 'Hotspots: 3GEN'
[2022-09-24 10:42:09] Started running 'Hotspots'
[2022-09-24 10:42:13] Finished running 'Hotspots'
[2022-09-24 10:42:13] Client message: 'LibDock: 3GEN'
[2022-09-24 10:42:13] Started running 'LibDock'
[2022-09-24 10:42:15] Client message: '0%: step 2/3: 3GEN'
[2022-09-24 10:42:17] Finished running 'LibDock'
[2022-09-24 10:42:17] Client message: 'LibDock done'
[2022-09-24 10:42:18] Started running 'ForcefieldTool'
[2022-09-24 10:42:19] Finished running 'ForcefieldTool'
[2022-09-24 10:42:19] Started running 'ForcefieldTool'
[2022-09-24 10:42:20] Finished running 'ForcefieldTool'
[2022-09-24 10:42:20] Client message: 'Generating CHARMm Script...'
[2022-09-24 10:42:21] Client message: 'Ligand Minimization...'
[2022-09-24 10:42:21] Started running 'RunCHARMm'
[2022-09-24 10:42:23] Finished running 'RunCHARMm'
[2022-09-24 10:42:24] Started running 'ForcefieldTool'
[2022-09-24 10:42:24] Finished running 'ForcefieldTool'
[2022-09-24 10:42:24] Client message: 'Generating CHARMm Script...'
[2022-09-24 10:42:24] Client message: 'Ligand Minimization...'
[2022-09-24 10:42:24] Started running 'RunCHARMm'
[2022-09-24 10:42:25] Finished running 'RunCHARMm'
[2022-09-24 10:42:26] Started running 'ForcefieldTool'
[2022-09-24 10:42:26] Finished running 'ForcefieldTool'
[2022-09-24 10:42:26] Client message: 'Generating CHARMm Script...'
[2022-09-24 10:42:26] Client message: 'Ligand Minimization...'
[2022-09-24 10:42:26] Started running 'RunCHARMm'
[2022-09-24 10:42:29] Finished running 'RunCHARMm'
[2022-09-24 10:42:29] Started running 'ForcefieldTool'
[2022-09-24 10:42:29] Finished running 'ForcefieldTool'
[2022-09-24 10:42:29] Client message: 'Generating CHARMm Script...'
[2022-09-24 10:42:29] Client message: 'Ligand Minimization...'
[2022-09-24 10:42:29] Started running 'RunCHARMm'
[2022-09-24 10:42:32] Finished running 'RunCHARMm'
[2022-09-24 10:42:32] Started running 'ForcefieldTool'
[2022-09-24 10:42:32] Finished running 'ForcefieldTool'
[2022-09-24 10:42:32] Client message: 'Generating CHARMm Script...'
[2022-09-24 10:42:32] Client message: 'Ligand Minimization...'
[2022-09-24 10:42:32] Started running 'RunCHARMm'
[2022-09-24 10:42:34] Finished running 'RunCHARMm'
[2022-09-24 10:42:34] Started running 'ForcefieldTool'
[2022-09-24 10:42:34] Finished running 'ForcefieldTool'
[2022-09-24 10:42:34] Client message: 'Generating CHARMm Script...'
[2022-09-24 10:42:34] Client message: 'Ligand Minimization...'
[2022-09-24 10:42:34] Started running 'RunCHARMm'
[2022-09-24 10:42:36] Finished running 'RunCHARMm'
[2022-09-24 10:42:36] Started running 'ForcefieldTool'
[2022-09-24 10:42:36] Finished running 'ForcefieldTool'
[2022-09-24 10:42:36] Client message: 'Generating CHARMm Script...'
[2022-09-24 10:42:36] Client message: 'Ligand Minimization...'
[2022-09-24 10:42:36] Started running 'RunCHARMm'
[2022-09-24 10:42:40] Finished running 'RunCHARMm'
[2022-09-24 10:42:40] Started running 'ForcefieldTool'
[2022-09-24 10:42:40] Finished running 'ForcefieldTool'
[2022-09-24 10:42:40] Client message: 'Generating CHARMm Script...'
[2022-09-24 10:42:40] Client message: 'Ligand Minimization...'
[2022-09-24 10:42:40] Started running 'RunCHARMm'
[2022-09-24 10:42:42] Finished running 'RunCHARMm'
[2022-09-24 10:42:42] Started running 'ForcefieldTool'
[2022-09-24 10:42:42] Finished running 'ForcefieldTool'
[2022-09-24 10:42:42] Client message: 'Generating CHARMm Script...'
[2022-09-24 10:42:42] Client message: 'Ligand Minimization...'
[2022-09-24 10:42:42] Started running 'RunCHARMm'
[2022-09-24 10:42:46] Finished running 'RunCHARMm'
[2022-09-24 10:42:46] Started running 'ForcefieldTool'
[2022-09-24 10:42:46] Finished running 'ForcefieldTool'
[2022-09-24 10:42:46] Client message: 'Generating CHARMm Script...'
[2022-09-24 10:42:46] Client message: 'Ligand Minimization...'
[2022-09-24 10:42:46] Started running 'RunCHARMm'
[2022-09-24 10:42:48] Finished running 'RunCHARMm'
[2022-09-24 10:42:48] Started running 'ForcefieldTool'
[2022-09-24 10:42:48] Finished running 'ForcefieldTool'
[2022-09-24 10:42:48] Client message: 'Generating CHARMm Script...'
[2022-09-24 10:42:48] Client message: 'Ligand Minimization...'
[2022-09-24 10:42:48] Started running 'RunCHARMm'
[2022-09-24 10:42:50] Finished running 'RunCHARMm'
[2022-09-24 10:42:50] Started running 'ForcefieldTool'
[2022-09-24 10:42:50] Finished running 'ForcefieldTool'
[2022-09-24 10:42:50] Client message: 'Generating CHARMm Script...'
[2022-09-24 10:42:50] Client message: 'Ligand Minimization...'
[2022-09-24 10:42:50] Started running 'RunCHARMm'
[2022-09-24 10:42:53] Finished running 'RunCHARMm'
[2022-09-24 10:42:53] Started running 'ForcefieldTool'
[2022-09-24 10:42:54] Finished running 'ForcefieldTool'
[2022-09-24 10:42:54] Client message: 'Generating CHARMm Script...'
[2022-09-24 10:42:54] Client message: 'Ligand Minimization...'
[2022-09-24 10:42:54] Started running 'RunCHARMm'
[2022-09-24 10:42:55] Finished running 'RunCHARMm'
[2022-09-24 10:42:55] Started running 'ForcefieldTool'
[2022-09-24 10:42:55] Finished running 'ForcefieldTool'
[2022-09-24 10:42:55] Client message: 'Generating CHARMm Script...'
[2022-09-24 10:42:55] Client message: 'Ligand Minimization...'
[2022-09-24 10:42:55] Started running 'RunCHARMm'
[2022-09-24 10:42:58] Finished running 'RunCHARMm'
[2022-09-24 10:42:58] Started running 'ForcefieldTool'
[2022-09-24 10:42:58] Finished running 'ForcefieldTool'
[2022-09-24 10:42:58] Client message: 'Generating CHARMm Script...'
[2022-09-24 10:42:58] Client message: 'Ligand Minimization...'
[2022-09-24 10:42:58] Started running 'RunCHARMm'
[2022-09-24 10:43:00] Finished running 'RunCHARMm'
[2022-09-24 10:43:01] Started running 'ForcefieldTool'
[2022-09-24 10:43:01] Finished running 'ForcefieldTool'
[2022-09-24 10:43:01] Client message: 'Generating CHARMm Script...'
[2022-09-24 10:43:01] Client message: 'Ligand Minimization...'
[2022-09-24 10:43:01] Started running 'RunCHARMm'
[2022-09-24 10:43:02] Finished running 'RunCHARMm'
[2022-09-24 10:43:02] Started running 'ForcefieldTool'
[2022-09-24 10:43:03] Finished running 'ForcefieldTool'
[2022-09-24 10:43:03] Client message: 'Generating CHARMm Script...'
[2022-09-24 10:43:03] Client message: 'Ligand Minimization...'
[2022-09-24 10:43:03] Started running 'RunCHARMm'
[2022-09-24 10:43:06] Finished running 'RunCHARMm'
[2022-09-24 10:43:06] Started running 'ForcefieldTool'
[2022-09-24 10:43:06] Finished running 'ForcefieldTool'
[2022-09-24 10:43:06] Client message: 'Generating CHARMm Script...'
[2022-09-24 10:43:07] Client message: 'Ligand Minimization...'
[2022-09-24 10:43:07] Started running 'RunCHARMm'
[2022-09-24 10:43:09] Finished running 'RunCHARMm'
[2022-09-24 10:43:09] Started running 'ForcefieldTool'
[2022-09-24 10:43:09] Finished running 'ForcefieldTool'
[2022-09-24 10:43:09] Client message: 'Generating CHARMm Script...'
[2022-09-24 10:43:09] Client message: 'Ligand Minimization...'
[2022-09-24 10:43:09] Started running 'RunCHARMm'
[2022-09-24 10:43:11] Finished running 'RunCHARMm'
[2022-09-24 10:43:11] Started running 'ForcefieldTool'
[2022-09-24 10:43:12] Finished running 'ForcefieldTool'
[2022-09-24 10:43:12] Client message: 'Generating CHARMm Script...'
[2022-09-24 10:43:12] Client message: 'Ligand Minimization...'
[2022-09-24 10:43:12] Started running 'RunCHARMm'
[2022-09-24 10:43:14] Finished running 'RunCHARMm'
[2022-09-24 10:43:14] Started running 'ForcefieldTool'
[2022-09-24 10:43:14] Finished running 'ForcefieldTool'
[2022-09-24 10:43:14] Client message: 'Generating CHARMm Script...'
[2022-09-24 10:43:14] Client message: 'Ligand Minimization...'
[2022-09-24 10:43:14] Started running 'RunCHARMm'
[2022-09-24 10:43:17] Finished running 'RunCHARMm'
[2022-09-24 10:43:17] Started running 'ForcefieldTool'
[2022-09-24 10:43:18] Finished running 'ForcefieldTool'
[2022-09-24 10:43:18] Client message: 'Generating CHARMm Script...'
[2022-09-24 10:43:18] Client message: 'Ligand Minimization...'
[2022-09-24 10:43:18] Started running 'RunCHARMm'
[2022-09-24 10:43:20] Finished running 'RunCHARMm'
[2022-09-24 10:43:20] Started running 'ForcefieldTool'
[2022-09-24 10:43:21] Finished running 'ForcefieldTool'
[2022-09-24 10:43:21] Client message: 'Generating CHARMm Script...'
[2022-09-24 10:43:21] Client message: 'Ligand Minimization...'
[2022-09-24 10:43:21] Started running 'RunCHARMm'
[2022-09-24 10:43:23] Finished running 'RunCHARMm'
[2022-09-24 10:43:23] Started running 'ForcefieldTool'
[2022-09-24 10:43:24] Finished running 'ForcefieldTool'
[2022-09-24 10:43:24] Client message: 'Generating CHARMm Script...'
[2022-09-24 10:43:24] Client message: 'Ligand Minimization...'
[2022-09-24 10:43:24] Started running 'RunCHARMm'
[2022-09-24 10:43:27] Finished running 'RunCHARMm'
[2022-09-24 10:43:27] Started running 'ForcefieldTool'
[2022-09-24 10:43:27] Finished running 'ForcefieldTool'
[2022-09-24 10:43:27] Client message: 'Generating CHARMm Script...'
[2022-09-24 10:43:27] Client message: 'Ligand Minimization...'
[2022-09-24 10:43:27] Started running 'RunCHARMm'
[2022-09-24 10:43:31] Finished running 'RunCHARMm'
[2022-09-24 10:43:31] Started running 'ForcefieldTool'
[2022-09-24 10:43:31] Finished running 'ForcefieldTool'
[2022-09-24 10:43:31] Client message: 'Generating CHARMm Script...'
[2022-09-24 10:43:31] Client message: 'Ligand Minimization...'
[2022-09-24 10:43:31] Started running 'RunCHARMm'
[2022-09-24 10:43:34] Finished running 'RunCHARMm'
[2022-09-24 10:43:34] Started running 'ForcefieldTool'
[2022-09-24 10:43:35] Finished running 'ForcefieldTool'
[2022-09-24 10:43:35] Client message: 'Generating CHARMm Script...'
[2022-09-24 10:43:35] Client message: 'Ligand Minimization...'
[2022-09-24 10:43:35] Started running 'RunCHARMm'
[2022-09-24 10:43:37] Finished running 'RunCHARMm'
[2022-09-24 10:43:37] Started running 'ForcefieldTool'
[2022-09-24 10:43:37] Finished running 'ForcefieldTool'
[2022-09-24 10:43:37] Client message: 'Generating CHARMm Script...'
[2022-09-24 10:43:37] Client message: 'Ligand Minimization...'
[2022-09-24 10:43:37] Started running 'RunCHARMm'
[2022-09-24 10:43:40] Finished running 'RunCHARMm'
[2022-09-24 10:43:40] Started running 'ForcefieldTool'
[2022-09-24 10:43:41] Finished running 'ForcefieldTool'
[2022-09-24 10:43:41] Client message: 'Generating CHARMm Script...'
[2022-09-24 10:43:41] Client message: 'Ligand Minimization...'
[2022-09-24 10:43:41] Started running 'RunCHARMm'
[2022-09-24 10:43:42] Finished running 'RunCHARMm'
[2022-09-24 10:43:42] Started running 'ForcefieldTool'
[2022-09-24 10:43:43] Finished running 'ForcefieldTool'
[2022-09-24 10:43:43] Client message: 'Generating CHARMm Script...'
[2022-09-24 10:43:43] Client message: 'Ligand Minimization...'
[2022-09-24 10:43:43] Started running 'RunCHARMm'
[2022-09-24 10:43:45] Finished running 'RunCHARMm'
[2022-09-24 10:43:45] Started running 'ForcefieldTool'
[2022-09-24 10:43:46] Finished running 'ForcefieldTool'
[2022-09-24 10:43:46] Client message: 'Generating CHARMm Script...'
[2022-09-24 10:43:46] Client message: 'Ligand Minimization...'
[2022-09-24 10:43:46] Started running 'RunCHARMm'
[2022-09-24 10:43:48] Finished running 'RunCHARMm'
[2022-09-24 10:43:49] Client message: 'Poses docked: 100'
[2022-09-24 10:43:49] Final message: '31 poses: Molecule-(1), 3GEN'
