[2022-09-26 14:19:21] ------------------------------------
[2022-09-26 14:19:21] Protocol Name = 'Feature Mapping'
[2022-09-26 14:19:21] User Name = '16606'
[2022-09-26 14:19:21] Run ID = '2A6DDDE3-243C-4186-AEAB-CEE3A612F03C'
[2022-09-26 14:19:21] Client message: 'Read ligands'
[2022-09-26 14:19:22] Client message: 'Map HB_ACCEPTOR'
[2022-09-26 14:19:23] Client message: 'Preparing citest.'
[2022-09-26 14:19:23] Client message: 'Running citest.'
[2022-09-26 14:19:23] Started running 'citest'
[2022-09-26 14:19:24] Finished running 'citest'
[2022-09-26 14:19:24] Client message: 'citest done.'
[2022-09-26 14:19:24] Client message: 'Map HB_DONOR'
[2022-09-26 14:19:24] Client message: 'Preparing citest.'
[2022-09-26 14:19:24] Client message: 'Running citest.'
[2022-09-26 14:19:24] Started running 'citest'
[2022-09-26 14:19:25] Finished running 'citest'
[2022-09-26 14:19:25] Client message: 'citest done.'
[2022-09-26 14:19:25] Client message: 'Map HYDROPHOBIC'
[2022-09-26 14:19:25] Client message: 'Preparing citest.'
[2022-09-26 14:19:25] Client message: 'Running citest.'
[2022-09-26 14:19:25] Started running 'citest'
[2022-09-26 14:19:25] Finished running 'citest'
[2022-09-26 14:19:25] Client message: 'citest done.'
[2022-09-26 14:19:25] Client message: 'Map NEG_IONIZABLE'
[2022-09-26 14:19:25] Client message: 'Preparing citest.'
[2022-09-26 14:19:25] Client message: 'Running citest.'
[2022-09-26 14:19:25] Started running 'citest'
[2022-09-26 14:19:26] Finished running 'citest'
[2022-09-26 14:19:26] Client message: 'citest done.'
[2022-09-26 14:19:26] Client message: 'Map POS_IONIZABLE'
[2022-09-26 14:19:26] Client message: 'Preparing citest.'
[2022-09-26 14:19:26] Client message: 'Running citest.'
[2022-09-26 14:19:26] Started running 'citest'
[2022-09-26 14:19:26] Finished running 'citest'
[2022-09-26 14:19:26] Client message: 'citest done.'
[2022-09-26 14:19:26] Client message: 'Map RING_AROMATIC'
[2022-09-26 14:19:26] Client message: 'Preparing citest.'
[2022-09-26 14:19:26] Client message: 'Running citest.'
[2022-09-26 14:19:26] Started running 'citest'
[2022-09-26 14:19:27] Finished running 'citest'
[2022-09-26 14:19:27] Client message: 'citest done.'
[2022-09-26 14:19:27] HB_ACCEPTOR: 15
[2022-09-26 14:19:27] HB_DONOR: 6
[2022-09-26 14:19:27] HYDROPHOBIC: 39
[2022-09-26 14:19:27] POS_IONIZABLE: 8
[2022-09-26 14:19:27] RING_AROMATIC: 26
[2022-09-26 14:19:27] Final message: '94 features:  5HT2c_ligands'
[2022-09-26 14:19:27] Client message: 'Preparing hypoedit.'
[2022-09-26 14:19:28] Client message: 'Running hypoedit.'
[2022-09-26 14:19:28] Started running 'hypoedit'
[2022-09-26 14:19:28] Finished running 'hypoedit'
[2022-09-26 14:19:28] Client message: 'hypoedit done.'
